Arguments: 
  /opt/homebrew/Cellar/node/16.8.0/bin/node /opt/homebrew/Cellar/yarn/1.22.11/libexec/bin/yarn.js init

PATH: 
  /opt/homebrew/bin:/opt/homebrew/sbin:/usr/local/bin:/usr/bin:/bin:/usr/sbin:/sbin:/opt/homebrew/bin:/opt/homebrew/sbin

Yarn version: 
  1.22.11

Node version: 
  16.8.0

Platform: 
  darwin arm64

Trace: 
  Error: canceled
      at Interface.<anonymous> (/opt/homebrew/Cellar/yarn/1.22.11/libexec/lib/cli.js:137023:13)
      at Interface.emit (node:events:394:28)
      at Interface._ttyWrite (node:readline:1081:16)
      at ReadStream.onkeypress (node:readline:288:10)
      at ReadStream.emit (node:events:394:28)
      at emitKeys (node:internal/readline/utils:358:14)
      at emitKeys.next (<anonymous>)
      at ReadStream.onData (node:internal/readline/emitKeypressEvents:61:36)
      at ReadStream.emit (node:events:394:28)
      at addChunk (node:internal/streams/readable:315:12)

npm manifest: 
  {
    "name": "react-snackbar",
    "version": "0.0.1",
    "description": "Snackbar in React",
    "main": "index.js",
    "repository": "https://github.com/HyuuunjuKim/snackbar",
    "author": "Kim Hyunju <gus7wn@gmail.com>",
    "license": "MIT",
    "bugs": {
      "url": "https://github.com/HyuuunjuKim/snackbar"
    }
  }

yarn manifest: 
  No manifest

Lockfile: 
  No lockfile
